[LOG] System::create                           : Header version = 1.10.07. Current version = 1.10.07.
[LOG] Manager::init                            : maxchannels = 256 studioflags = 00000006 flags 00000000 extradriverdata 0000000000000000.
[LOG] SystemI::init                            : Initialize version=11007 (95892), maxchannels=256, flags=0x00020000
[LOG] SystemI::setOutputInternal               : Setting output to 'FMOD WASAPI Output'
[LOG] OutputWASAPI::init                       : Mix Format (WAVEFORMATEX): wFormatTag=0xFFFE, nChannels=2, nSamplesPerSec=48000, nAvgBytesPerSec=384000, nBlockAlign=8, wBitsPerSample=32, cbSize=22.
[LOG] OutputWASAPI::init                       : Mix Format (WAVEFORMATEXTENSIBLE): wValidBitsPerSample=32, dwChannelMask=0x00000003, SubFormat=00000003-0000-0010-8000-00AA00389B71.
[LOG] OutputWASAPI::init                       : Output buffer size: 4096 samples, latency: 0.00ms, period: 10.00ms, DSP buffer: 1024 * 4
[LOG] Thread::initThread                       : Init FMOD stream thread. Priority: 2, Stack Size: 65536, Semaphore: No, Sleep Time: 10, Looping: Yes.
[LOG] Thread::initThread                       : Init FMOD mixer thread. Priority: 3, Stack Size: 49152, Semaphore: No, Sleep Time: 0, Looping: Yes.
[LOG] AsyncManager::init                       : manager 00000000A83F8728 isAsync 0 updatePeriod 0.02
[LOG] AsyncManager::init                       : done
[LOG] PlaybackSystem::init                     : 
[LOG] Thread::initThread                       : Init FMOD Studio sample load thread. Priority: 0, Stack Size: 65536, Semaphore: No, Sleep Time: 1, Looping: No.
[LOG] PlaybackSystem::init                     : done
[LOG] Thread::initThread                       : Init FMOD Studio bank load thread. Priority: 0, Stack Size: 65536, Semaphore: No, Sleep Time: 1, Looping: No.
[LOG] Manager::init                            : done.
[LOG] Manager::readBank                        : fileversion = 100, compatVersion = 99 (oldest = 44, newest = 100)
[LOG] SystemI::createSoundInternal             : Create name='', mode=0x02000202
[LOG] SystemI::createSoundInternal             : exinfo->cbsize             = 232
[LOG] SystemI::createSoundInternal             : exinfo->length             = 5221856
[LOG] SystemI::createSoundInternal             : exinfo->fileoffset         = 49024
[LOG] SystemI::createSoundInternal             : exinfo->numsubsounds       = 1
[LOG] SystemI::createSoundInternal             : exinfo->inclusionlist      = 00000000CF52F5FC
[LOG] SystemI::createSoundInternal             : exinfo->inclusionlistnum   = 1
[LOG] SystemI::createSoundInternal             : exinfo->suggestedsoundtype = 5
[LOG] SystemI::createSoundInternal             : exinfo->useropen           = 00007FFAE726D9C0
[LOG] SystemI::createSoundInternal             : exinfo->userclose          = 00007FFAE726D990
[LOG] SystemI::createSoundInternal             : exinfo->userread           = 00007FFAE726DA90
[LOG] SystemI::createSoundInternal             : exinfo->userseek           = 00007FFAE726DB50
[LOG] SystemI::createSoundInternal             : exinfo->fileuserdata       = 0000000039F24688
[LOG] SystemI::createSoundInternal             : exinfo->initialseekpostype = 1
[LOG] SystemI::DSPCodecPoolRegister            : register codec pool for pool type 5
[LOG] SystemI::createSoundInternal             : Sample 0/1: name='hikari_voice', format=2, channels=2, frequency=48000, lengthbytes=6912, lengthpcm=82285, pcmblocksize=0, loopstart=0, loopend=0, mode=0x00000000, channelmask=0x00000000, channelorder=0, peakvolume=0.161346.
[LOG] SystemI::createSoundInternal             : Create name='', mode=0x02000202
[LOG] SystemI::createSoundInternal             : exinfo->cbsize             = 232
[LOG] SystemI::createSoundInternal             : exinfo->length             = 5221856
[LOG] SystemI::createSoundInternal             : exinfo->fileoffset         = 49024
[LOG] SystemI::createSoundInternal             : exinfo->numsubsounds       = 1
[LOG] SystemI::createSoundInternal             : exinfo->inclusionlist      = 00000000CF52F5FC
[LOG] SystemI::createSoundInternal             : exinfo->inclusionlistnum   = 1
[LOG] SystemI::createSoundInternal             : exinfo->suggestedsoundtype = 5
[LOG] SystemI::createSoundInternal             : exinfo->useropen           = 00007FFAE726D9C0
[LOG] SystemI::createSoundInternal             : exinfo->userclose          = 00007FFAE726D990
[LOG] SystemI::createSoundInternal             : exinfo->userread           = 00007FFAE726DA90
[LOG] SystemI::createSoundInternal             : exinfo->userseek           = 00007FFAE726DB50
[LOG] SystemI::createSoundInternal             : exinfo->fileuserdata       = 0000000044CD07F8
[LOG] SystemI::createSoundInternal             : exinfo->initialseekpostype = 1
[LOG] SystemI::DSPCodecPoolRegister            : register codec pool for pool type 5
[LOG] SystemI::createSoundInternal             : Sample 0/1: name='luna_voice', format=2, channels=2, frequency=48000, lengthbytes=6144, lengthpcm=82285, pcmblocksize=0, loopstart=0, loopend=0, mode=0x00000000, channelmask=0x00000000, channelorder=0, peakvolume=0.210083.
[LOG] SystemI::createSoundInternal             : Create name='', mode=0x02000202
[LOG] SystemI::createSoundInternal             : exinfo->cbsize             = 232
[LOG] SystemI::createSoundInternal             : exinfo->length             = 5221856
[LOG] SystemI::createSoundInternal             : exinfo->fileoffset         = 49024
[LOG] SystemI::createSoundInternal             : exinfo->numsubsounds       = 1
[LOG] SystemI::createSoundInternal             : exinfo->inclusionlist      = 00000000CF52F5FC
[LOG] SystemI::createSoundInternal             : exinfo->inclusionlistnum   = 1
[LOG] SystemI::createSoundInternal             : exinfo->suggestedsoundtype = 5
[LOG] SystemI::createSoundInternal             : exinfo->useropen           = 00007FFAE726D9C0
[LOG] SystemI::createSoundInternal             : exinfo->userclose          = 00007FFAE726D990
[LOG] SystemI::createSoundInternal             : exinfo->userread           = 00007FFAE726DA90
[LOG] SystemI::createSoundInternal             : exinfo->userseek           = 00007FFAE726DB50
[LOG] SystemI::createSoundInternal             : exinfo->fileuserdata       = 00000000802D4788
[LOG] SystemI::createSoundInternal             : exinfo->initialseekpostype = 1
[LOG] SystemI::DSPCodecPoolRegister            : register codec pool for pool type 5
[LOG] SystemI::createSoundInternal             : Sample 0/1: name='Triple Combo Light Saber 4', format=2, channels=2, frequency=48000, lengthbytes=5760, lengthpcm=28076, pcmblocksize=0, loopstart=0, loopend=0, mode=0x00000000, channelmask=0x00000000, channelorder=0, peakvolume=0.867249.
[LOG] SystemI::createSoundInternal             : Create name='', mode=0x02000202
[LOG] SystemI::createSoundInternal             : exinfo->cbsize             = 232
[LOG] SystemI::createSoundInternal             : exinfo->length             = 5221856
[LOG] SystemI::createSoundInternal             : exinfo->fileoffset         = 49024
[LOG] SystemI::createSoundInternal             : exinfo->numsubsounds       = 1
[LOG] SystemI::createSoundInternal             : exinfo->inclusionlist      = 00000000CF52F5FC
[LOG] SystemI::createSoundInternal             : exinfo->inclusionlistnum   = 1
[LOG] SystemI::createSoundInternal             : exinfo->suggestedsoundtype = 5
[LOG] SystemI::createSoundInternal             : exinfo->useropen           = 00007FFAE726D9C0
[LOG] SystemI::createSoundInternal             : exinfo->userclose          = 00007FFAE726D990
[LOG] SystemI::createSoundInternal             : exinfo->userread           = 00007FFAE726DA90
[LOG] SystemI::createSoundInternal             : exinfo->userseek           = 00007FFAE726DB50
[LOG] SystemI::createSoundInternal             : exinfo->fileuserdata       = 00000000802D4788
[LOG] SystemI::createSoundInternal             : exinfo->initialseekpostype = 1
[LOG] SystemI::DSPCodecPoolRegister            : register codec pool for pool type 5
[LOG] SystemI::createSoundInternal             : Sample 0/1: name='Triple Combo Light Saber 5', format=2, channels=2, frequency=48000, lengthbytes=5472, lengthpcm=27006, pcmblocksize=0, loopstart=0, loopend=0, mode=0x00000000, channelmask=0x00000000, channelorder=0, peakvolume=0.683964.
[LOG] SystemI::createSoundInternal             : Create name='', mode=0x02000202
[LOG] SystemI::createSoundInternal             : exinfo->cbsize             = 232
[LOG] SystemI::createSoundInternal             : exinfo->length             = 5221856
[LOG] SystemI::createSoundInternal             : exinfo->fileoffset         = 49024
[LOG] SystemI::createSoundInternal             : exinfo->numsubsounds       = 1
[LOG] SystemI::createSoundInternal             : exinfo->inclusionlist      = 00000000CF52F5FC
[LOG] SystemI::createSoundInternal             : exinfo->inclusionlistnum   = 1
[LOG] SystemI::createSoundInternal             : exinfo->suggestedsoundtype = 5
[LOG] SystemI::createSoundInternal             : exinfo->useropen           = 00007FFAE726D9C0
[LOG] SystemI::createSoundInternal             : exinfo->userclose          = 00007FFAE726D990
[LOG] SystemI::createSoundInternal             : exinfo->userread           = 00007FFAE726DA90
[LOG] SystemI::createSoundInternal             : exinfo->userseek           = 00007FFAE726DB50
[LOG] SystemI::createSoundInternal             : exinfo->fileuserdata       = 00000000802D4788
[LOG] SystemI::createSoundInternal             : exinfo->initialseekpostype = 1
[LOG] SystemI::DSPCodecPoolRegister            : register codec pool for pool type 5
[LOG] SystemI::createSoundInternal             : Sample 0/1: name='Triple Combo Light Saber 6', format=2, channels=2, frequency=48000, lengthbytes=5632, lengthpcm=27252, pcmblocksize=0, loopstart=0, loopend=0, mode=0x00000000, channelmask=0x00000000, channelorder=0, peakvolume=0.960190.
[LOG] SystemI::createSoundInternal             : Create name='', mode=0x02000202
[LOG] SystemI::createSoundInternal             : exinfo->cbsize             = 232
[LOG] SystemI::createSoundInternal             : exinfo->length             = 5221856
[LOG] SystemI::createSoundInternal             : exinfo->fileoffset         = 49024
[LOG] SystemI::createSoundInternal             : exinfo->numsubsounds       = 1
[LOG] SystemI::createSoundInternal             : exinfo->inclusionlist      = 00000000CF52F5FC
[LOG] SystemI::createSoundInternal             : exinfo->inclusionlistnum   = 1
[LOG] SystemI::createSoundInternal             : exinfo->suggestedsoundtype = 5
[LOG] SystemI::createSoundInternal             : exinfo->useropen           = 00007FFAE726D9C0
[LOG] SystemI::createSoundInternal             : exinfo->userclose          = 00007FFAE726D990
[LOG] SystemI::createSoundInternal             : exinfo->userread           = 00007FFAE726DA90
[LOG] SystemI::createSoundInternal             : exinfo->userseek           = 00007FFAE726DB50
[LOG] SystemI::createSoundInternal             : exinfo->fileuserdata       = 000000007CBA9168
[LOG] SystemI::createSoundInternal             : exinfo->initialseekpostype = 1
[LOG] SystemI::DSPCodecPoolRegister            : register codec pool for pool type 5
[LOG] SystemI::createSoundInternal             : Sample 0/1: name='Dash', format=2, channels=2, frequency=48000, lengthbytes=4480, lengthpcm=23512, pcmblocksize=0, loopstart=0, loopend=0, mode=0x00000000, channelmask=0x00000000, channelorder=0, peakvolume=0.917075.
[LOG] SystemI::createSoundInternal             : Create name='', mode=0x02000202
[LOG] SystemI::createSoundInternal             : exinfo->cbsize             = 232
[LOG] SystemI::createSoundInternal             : exinfo->length             = 5221856
[LOG] SystemI::createSoundInternal             : exinfo->fileoffset         = 49024
[LOG] SystemI::createSoundInternal             : exinfo->numsubsounds       = 1
[LOG] SystemI::createSoundInternal             : exinfo->inclusionlist      = 00000000CF52F5FC
[LOG] SystemI::createSoundInternal             : exinfo->inclusionlistnum   = 1
[LOG] SystemI::createSoundInternal             : exinfo->suggestedsoundtype = 5
[LOG] SystemI::createSoundInternal             : exinfo->useropen           = 00007FFAE726D9C0
[LOG] SystemI::createSoundInternal             : exinfo->userclose          = 00007FFAE726D990
[LOG] SystemI::createSoundInternal             : exinfo->userread           = 00007FFAE726DA90
[LOG] SystemI::createSoundInternal             : exinfo->userseek           = 00007FFAE726DB50
[LOG] SystemI::createSoundInternal             : exinfo->fileuserdata       = 000000007E21CF68
[LOG] SystemI::createSoundInternal             : exinfo->initialseekpostype = 1
[LOG] SystemI::DSPCodecPoolRegister            : register codec pool for pool type 5
[LOG] SystemI::createSoundInternal             : Sample 0/1: name='metal_hit', format=2, channels=2, frequency=48000, lengthbytes=27008, lengthpcm=194213, pcmblocksize=0, loopstart=0, loopend=0, mode=0x00000000, channelmask=0x00000000, channelorder=0, peakvolume=0.647034.
[LOG] SystemI::createSoundInternal             : Create name='', mode=0x02000202
[LOG] SystemI::createSoundInternal             : exinfo->cbsize             = 232
[LOG] SystemI::createSoundInternal             : exinfo->length             = 5221856
[LOG] SystemI::createSoundInternal             : exinfo->fileoffset         = 49024
[LOG] SystemI::createSoundInternal             : exinfo->numsubsounds       = 1
[LOG] SystemI::createSoundInternal             : exinfo->inclusionlist      = 00000000CF52F5FC
[LOG] SystemI::createSoundInternal             : exinfo->inclusionlistnum   = 1
[LOG] SystemI::createSoundInternal             : exinfo->suggestedsoundtype = 5
[LOG] SystemI::createSoundInternal             : exinfo->useropen           = 00007FFAE726D9C0
[LOG] SystemI::createSoundInternal             : exinfo->userclose          = 00007FFAE726D990
[LOG] SystemI::createSoundInternal             : exinfo->userread           = 00007FFAE726DA90
[LOG] SystemI::createSoundInternal             : exinfo->userseek           = 00007FFAE726DB50
[LOG] SystemI::createSoundInternal             : exinfo->fileuserdata       = 000000007E21CF68
[LOG] SystemI::createSoundInternal             : exinfo->initialseekpostype = 1
[LOG] SystemI::DSPCodecPoolRegister            : register codec pool for pool type 5
[LOG] SystemI::createSoundInternal             : Sample 0/1: name='Saber Successful Hit 3', format=2, channels=2, frequency=48000, lengthbytes=4384, lengthpcm=20800, pcmblocksize=0, loopstart=0, loopend=0, mode=0x00000000, channelmask=0x00000000, channelorder=0, peakvolume=0.999885.
[LOG] SystemI::createSoundInternal             : Create name='', mode=0x02000202
[LOG] SystemI::createSoundInternal             : exinfo->cbsize             = 232
[LOG] SystemI::createSoundInternal             : exinfo->length             = 5221856
[LOG] SystemI::createSoundInternal             : exinfo->fileoffset         = 49024
[LOG] SystemI::createSoundInternal             : exinfo->numsubsounds       = 1
[LOG] SystemI::createSoundInternal             : exinfo->inclusionlist      = 00000000CF52F5FC
[LOG] SystemI::createSoundInternal             : exinfo->inclusionlistnum   = 1
[LOG] SystemI::createSoundInternal             : exinfo->suggestedsoundtype = 5
[LOG] SystemI::createSoundInternal             : exinfo->useropen           = 00007FFAE726D9C0
[LOG] SystemI::createSoundInternal             : exinfo->userclose          = 00007FFAE726D990
[LOG] SystemI::createSoundInternal             : exinfo->userread           = 00007FFAE726DA90
[LOG] SystemI::createSoundInternal             : exinfo->userseek           = 00007FFAE726DB50
[LOG] SystemI::createSoundInternal             : exinfo->fileuserdata       = 000000007E21CF68
[LOG] SystemI::createSoundInternal             : exinfo->initialseekpostype = 1
[LOG] SystemI::DSPCodecPoolRegister            : register codec pool for pool type 5
[LOG] SystemI::createSoundInternal             : Sample 0/1: name='Saber Successful Hit 2', format=2, channels=2, frequency=48000, lengthbytes=3808, lengthpcm=18346, pcmblocksize=0, loopstart=0, loopend=0, mode=0x00000000, channelmask=0x00000000, channelorder=0, peakvolume=0.988664.
[LOG] SystemI::createSoundInternal             : Create name='', mode=0x02000202
[LOG] SystemI::createSoundInternal             : exinfo->cbsize             = 232
[LOG] SystemI::createSoundInternal             : exinfo->length             = 5221856
[LOG] SystemI::createSoundInternal             : exinfo->fileoffset         = 49024
[LOG] SystemI::createSoundInternal             : exinfo->numsubsounds       = 1
[LOG] SystemI::createSoundInternal             : exinfo->inclusionlist      = 00000000CF52F5FC
[LOG] SystemI::createSoundInternal             : exinfo->inclusionlistnum   = 1
[LOG] SystemI::createSoundInternal             : exinfo->suggestedsoundtype = 5
[LOG] SystemI::createSoundInternal             : exinfo->useropen           = 00007FFAE726D9C0
[LOG] SystemI::createSoundInternal             : exinfo->userclose          = 00007FFAE726D990
[LOG] SystemI::createSoundInternal             : exinfo->userread           = 00007FFAE726DA90
[LOG] SystemI::createSoundInternal             : exinfo->userseek           = 00007FFAE726DB50
[LOG] SystemI::createSoundInternal             : exinfo->fileuserdata       = 000000007E21CF68
[LOG] SystemI::createSoundInternal             : exinfo->initialseekpostype = 1
[LOG] SystemI::DSPCodecPoolRegister            : register codec pool for pool type 5
[LOG] SystemI::createSoundInternal             : Sample 0/1: name='Saber Successful Hit 1', format=2, channels=2, frequency=48000, lengthbytes=4288, lengthpcm=20800, pcmblocksize=0, loopstart=0, loopend=0, mode=0x00000000, channelmask=0x00000000, channelorder=0, peakvolume=0.999885.
[LOG] Manager::readBank                        : fileversion = 100, compatVersion = 99 (oldest = 44, newest = 100)
[LOG] SystemI::createSoundInternal             : Create name='', mode=0x02000202
[LOG] SystemI::createSoundInternal             : exinfo->cbsize             = 232
[LOG] SystemI::createSoundInternal             : exinfo->length             = 5221856
[LOG] SystemI::createSoundInternal             : exinfo->fileoffset         = 49024
[LOG] SystemI::createSoundInternal             : exinfo->numsubsounds       = 1
[LOG] SystemI::createSoundInternal             : exinfo->inclusionlist      = 00000000CF52F5FC
[LOG] SystemI::createSoundInternal             : exinfo->inclusionlistnum   = 1
[LOG] SystemI::createSoundInternal             : exinfo->suggestedsoundtype = 5
[LOG] SystemI::createSoundInternal             : exinfo->useropen           = 00007FFAE726D9C0
[LOG] SystemI::createSoundInternal             : exinfo->userclose          = 00007FFAE726D990
[LOG] SystemI::createSoundInternal             : exinfo->userread           = 00007FFAE726DA90
[LOG] SystemI::createSoundInternal             : exinfo->userseek           = 00007FFAE726DB50
[LOG] SystemI::createSoundInternal             : exinfo->fileuserdata       = 0000000043037B38
[LOG] SystemI::createSoundInternal             : exinfo->initialseekpostype = 1
[LOG] SystemI::DSPCodecPoolRegister            : register codec pool for pool type 5
[LOG] SystemI::createSoundInternal             : Sample 0/1: name='go_go_go', format=2, channels=2, frequency=48000, lengthbytes=27552, lengthpcm=114450, pcmblocksize=0, loopstart=0, loopend=0, mode=0x00000000, channelmask=0x00000000, channelorder=0, peakvolume=0.154846.
[LOG] SoundI::release                          :  (00000000813ECF88)
[LOG] SoundI::release                          :     luna_voice (000000003BA3D248)
[LOG] SoundI::release                          :  (000000000EFE1878)
[LOG] SoundI::release                          :     hikari_voice (000000003BA3EAA8)
[LOG] SoundI::release                          :  (0000000080438058)
[LOG] SoundI::release                          :     Dash (000000003BA3FE28)
[LOG] SoundI::release                          :  (0000000080437EE8)
[LOG] SoundI::release                          :     Saber Successful Hit 2 (000000003BA3C6E8)
[LOG] SoundI::release                          :  (0000000080437C08)
[LOG] SoundI::release                          :     Saber Successful Hit 3 (000000003BA3D728)
[LOG] SoundI::release                          :  (00000000804381C8)
[LOG] SoundI::release                          :     Saber Successful Hit 1 (000000003BA3D8C8)
[LOG] SoundI::release                          :  (0000000080437648)
[LOG] SoundI::release                          :     Triple Combo Light Saber 4 (000000003BA3E768)
[LOG] SoundI::release                          :  (0000000080437928)
[LOG] SoundI::release                          :     Triple Combo Light Saber 5 (000000003BA3C548)
[LOG] SoundI::release                          :  (00000000804377B8)
[LOG] SoundI::release                          :     Triple Combo Light Saber 6 (000000003BA3F468)
[LOG] SoundI::release                          :  (000000000EFE2F78)
[LOG] SoundI::release                          :     prologue_theme_intro_loop (00000000863D8528)
[LOG] SoundI::release                          : city_ambience (0000000044D40A88)
[LOG] SoundI::release                          :     city_ambience (00000000863D8A08)
[LOG] SoundI::release                          :     city_ambience (0000000044D40728)
[LOG] SoundI::release                          :  (000000000EFE3258)
[LOG] SoundI::release                          :     prologue_theme_fader (00000000863D8D48)
[LOG] SoundI::release                          :  (000000000EFE19E8)
[LOG] SoundI::release                          :     prologue_theme_intro (00000000863D6988)
[LOG] SoundI::release                          :  (000000000EFE2568)
[LOG] SoundI::release                          :     go_go_go (000000003BA3DA68)
[LOG] SoundI::release                          :  (0000000080437A98)
[LOG] SoundI::release                          :     metal_hit (000000003BA3D588)
[LOG] Thread::callback                         : FMOD Studio update thread finished.
[LOG] Thread::callback                         : FMOD Studio bank load thread finished.
[LOG] Profile::disconnectAll                   : Profiler disconnecting all clients
[LOG] Thread::callback                         : FMOD Studio sample load thread finished.
[LOG] LiveUpdate::release                      : 
[LOG] LiveUpdate::reset                        : Reset connection (reason Disconnected)
[LOG] Thread::callback                         : FMOD stream thread finished.
[LOG] Thread::callback                         : FMOD mixer thread finished.
[LOG] Profile::disconnectAll                   : Profiler disconnecting all clients
[LOG] SystemI::close                           : Closed.
[LOG] Manager::readBank                        : fileversion = 100, compatVersion = 99 (oldest = 44, newest = 100)
[LOG] Manager::readBank                        : fileversion = 100, compatVersion = 99 (oldest = 44, newest = 100)
[LOG] Manager::readBank                        : fileversion = 100, compatVersion = 99 (oldest = 44, newest = 100)
[LOG] Manager::readBank                        : fileversion = 100, compatVersion = 99 (oldest = 44, newest = 100)
[LOG] Manager::readBank                        : fileversion = 100, compatVersion = 99 (oldest = 44, newest = 100)
[LOG] Manager::readBank                        : fileversion = 100, compatVersion = 99 (oldest = 44, newest = 100)
[LOG] PlaybackSystem::acquireMasterBus         : Setting master channel group format to 6
[LOG] Thread::callback                         : FMOD Studio bank load thread finished.
[LOG] Thread::callback                         : FMOD Studio sample load thread finished.
[LOG] LiveUpdate::release                      : 
[LOG] LiveUpdate::reset                        : Reset connection (reason Disconnected)
[LOG] Thread::callback                         : FMOD stream thread finished.
[LOG] Thread::callback                         : FMOD mixer thread finished.
[LOG] Thread::callback                         : FMOD nonblocking thread (0) finished.
[LOG] Thread::callback                         : FMOD file thread finished.
[LOG] SystemI::close                           : Closed.
